2025-11-24 18:27:08,970 - ff_kb_robot - INFO - 日志记录器已设置: ff_kb_robot
2025-11-24 18:27:09,931 - ff_kb_robot - INFO - FF-KB-Robot CLI 已启动
2025-11-24 18:27:09,932 - ff_kb_robot - INFO - 进入交互模式
2025-11-24 18:28:10,054 - ff_kb_robot - ERROR - 上传文档失败: no such table: documents
2025-11-24 18:35:03,912 - ff_kb_robot - INFO - 日志记录器已设置: ff_kb_robot
2025-11-24 18:35:04,530 - ff_kb_robot - INFO - FF-KB-Robot CLI 已启动
2025-11-24 18:35:04,532 - ff_kb_robot - INFO - 进入交互模式
2025-11-24 18:35:33,139 - ff_kb_robot - ERROR - 上传文档失败: table documents has no column named temp_path
2025-11-24 18:57:49,807 - ff_kb_robot - INFO - 日志记录器已设置: ff_kb_robot
2025-11-24 18:57:50,403 - ff_kb_robot - INFO - FF-KB-Robot CLI 已启动
2025-11-24 18:57:50,404 - ff_kb_robot - INFO - 进入交互模式
2025-11-25 18:18:48,456 - ff_kb_robot - INFO - 日志记录器已设置: ff_kb_robot
2025-11-25 18:18:49,605 - ff_kb_robot - INFO - FF-KB-Robot CLI 已启动
2025-11-25 18:18:49,773 - ff_kb_robot - INFO - 进入交互模式
2025-11-25 18:23:56,722 - ff_kb_robot - INFO - 日志记录器已设置: ff_kb_robot
2025-11-25 18:23:57,402 - ff_kb_robot - INFO - FF-KB-Robot CLI 已启动
2025-11-25 18:23:57,403 - ff_kb_robot - INFO - 进入交互模式
2025-11-25 18:45:19,189 - ff_kb_robot - INFO - 日志记录器已设置: ff_kb_robot
2025-11-25 18:45:20,158 - ff_kb_robot - INFO - FF-KB-Robot CLI 已启动
2025-11-25 18:45:20,159 - ff_kb_robot - INFO - 进入交互模式
2025-11-25 18:47:57,831 - ff_kb_robot - INFO - 日志记录器已设置: ff_kb_robot
2025-11-25 18:47:58,513 - ff_kb_robot - INFO - FF-KB-Robot CLI 已启动
2025-11-25 18:47:58,514 - ff_kb_robot - INFO - 进入交互模式
2025-11-25 18:58:39,901 - ff_kb_robot - INFO - 日志记录器已设置: ff_kb_robot
2025-11-25 18:58:40,920 - ff_kb_robot - INFO - FF-KB-Robot CLI 已启动
2025-11-25 18:58:40,921 - ff_kb_robot - INFO - 进入交互模式
2025-11-26 15:47:12,632 - ff_kb_robot - INFO - 日志记录器已设置: ff_kb_robot
2025-11-26 15:47:13,825 - ff_kb_robot - INFO - FF-KB-Robot CLI 已启动
2025-11-26 15:47:13,835 - ff_kb_robot - INFO - 进入交互模式
2025-11-26 18:14:50,826 - ff_kb_robot - INFO - 日志记录器已设置: ff_kb_robot
2025-11-26 18:14:52,053 - ff_kb_robot - INFO - FF-KB-Robot CLI 已启动
2025-11-26 18:14:52,054 - ff_kb_robot - INFO - 进入交互模式
2025-11-26 18:15:45,326 - ff_kb_robot - ERROR - 发生错误: 'document_count'
2025-11-26 18:29:31,855 - ff_kb_robot - INFO - 日志记录器已设置: ff_kb_robot
2025-11-26 18:29:32,575 - ff_kb_robot - INFO - FF-KB-Robot CLI 已启动
2025-11-26 18:29:32,577 - ff_kb_robot - INFO - 进入交互模式
2025-11-26 18:35:41,419 - ff_kb_robot - INFO - 日志记录器已设置: ff_kb_robot
2025-11-26 18:35:42,135 - ff_kb_robot - INFO - FF-KB-Robot CLI 已启动
2025-11-26 18:35:42,136 - ff_kb_robot - INFO - 进入交互模式
2025-11-27 17:37:08,228 - ff_kb_robot - INFO - 日志记录器已设置: ff_kb_robot
2025-11-27 17:37:09,441 - ff_kb_robot - INFO - FF-KB-Robot CLI 已启动
2025-11-27 17:37:09,442 - ff_kb_robot - INFO - 进入交互模式
